
Showing logs for build [32mcb-kubecd-environment-pr-488-48-96sgx-1[0m stage [32mfrom-build-pack[0m and container [32mstep-credential-initializer-5vnwn[0m
{"level":"info","ts":1587722033.7414725,"logger":"fallback-logger","caller":"logging/config.go:69","msg":"Fetch GitHub commit ID from kodata failed: open /var/run/ko/refs/heads/0.8.0-ns-support: no such file or directory"}
{"level":"info","ts":1587722033.74372,"logger":"fallback-logger","caller":"creds-init/main.go:40","msg":"Credentials initialized."}

Showing logs for build [32mcb-kubecd-environment-pr-488-48-96sgx-1[0m stage [32mfrom-build-pack[0m and container [32mstep-working-dir-initializer-zgx2h[0m
{"level":"info","ts":1587722034.84748,"logger":"fallback-logger","caller":"logging/config.go:69","msg":"Fetch GitHub commit ID from kodata failed: open /var/run/ko/HEAD: no such file or directory"}
{"level":"info","ts":1587722034.8547342,"logger":"fallback-logger","caller":"bash/main.go:64","msg":"Successfully executed command \"sh -c mkdir -p /workspace/source\"; output "}

Showing logs for build [32mcb-kubecd-environment-pr-488-48-96sgx-1[0m stage [32mfrom-build-pack[0m and container [32mstep-place-tools[0m

Showing logs for build [32mcb-kubecd-environment-pr-488-48-96sgx-1[0m stage [32mfrom-build-pack[0m and container [32mstep-git-source-cb-kubecd-environment-pr-488-48-96sgx-skv9d[0m
{"level":"info","ts":1587722041.072612,"logger":"fallback-logger","caller":"logging/config.go:69","msg":"Fetch GitHub commit ID from kodata failed: open /var/run/ko/refs/heads/0.8.0-ns-support: no such file or directory"}
{"level":"info","ts":1587722042.2386253,"logger":"fallback-logger","caller":"git/git.go:103","msg":"Successfully cloned https://github.com/cb-kubecd/environment-pr-488-48-bdd-frontend-staging.git @ master in path /workspace/source"}

Showing logs for build [32mcb-kubecd-environment-pr-488-48-96sgx-1[0m stage [32mfrom-build-pack[0m and container [32mstep-git-merge[0m
Using SHAs from PULL_REFS=master:66be90738e0909100a8e19e71d81cb7eca0796be,1:c1fe9956aeb5e1f87820cd46166f0556ee6c0fc7
DEBUG: LC_ALL=C JX_LOG_LEVEL=error git fetch origin --unshallow c1fe9956aeb5e1f87820cd46166f0556ee6c0fc7: 66be90738e0909100a8e19e71d81cb7eca0796be:
DEBUG: ran git fetch --unshallow origin c1fe9956aeb5e1f87820cd46166f0556ee6c0fc7: 66be90738e0909100a8e19e71d81cb7eca0796be: in 
DEBUG: LC_ALL=C JX_LOG_LEVEL=error git branch
DEBUG: LC_ALL=C JX_LOG_LEVEL=error git checkout master
DEBUG: ran git checkout master in 
DEBUG: LC_ALL=C JX_LOG_LEVEL=error git reset --hard 66be90738e0909100a8e19e71d81cb7eca0796be
DEBUG: ran git reset --hard 66be90738e0909100a8e19e71d81cb7eca0796be in 
DEBUG: LC_ALL=C JX_LOG_LEVEL=error git clean -fd .
DEBUG: ran clean --force -d . in 
DEBUG: LC_ALL=C JX_LOG_LEVEL=error git merge c1fe9956aeb5e1f87820cd46166f0556ee6c0fc7
DEBUG: ran git merge c1fe9956aeb5e1f87820cd46166f0556ee6c0fc7 in 
DEBUG: LC_ALL=C JX_LOG_LEVEL=error git log --format=%H%x1f%an%x1f%ae%x1f%cn%x1f%ce%x1f%s%n%b%x1e 66be90738e0909100a8e19e71d81cb7eca0796be..HEAD
Merged SHA c1fe9956aeb5e1f87820cd46166f0556ee6c0fc7 with commit message 'chore: Promote bdd-nh-1587720960 to version 0.0.1' into base branch master

Showing logs for build [32mcb-kubecd-environment-pr-488-48-96sgx-1[0m stage [32mfrom-build-pack[0m and container [32mstep-build-helm-build[0m
WARNING: No $CHART_REPOSITORY defined so using the default value of: http://jenkins-x-chartmuseum:8080
Adding missing Helm repo: storage.googleapis.com https://storage.googleapis.com/chartmuseum.jenkins-x.io
WARNING: No secrets found on "helm/repos" due: reading the secret "helm/repos" from vault: no secret "helm/repos" not found in vault
Read credentials for https://storage.googleapis.com/chartmuseum.jenkins-x.io from vault helm/repos
Successfully added Helm repository storage.googleapis.com.
Adding missing Helm repo: jenkins-x-chartmuseum http://jenkins-x-chartmuseum:8080
WARNING: No secrets found on "helm/repos" due: reading the secret "helm/repos" from vault: no secret "helm/repos" not found in vault
Read credentials for http://jenkins-x-chartmuseum:8080 from vault helm/repos
Successfully added Helm repository jenkins-x-chartmuseum.
WARNING: No $CHART_REPOSITORY defined so using the default value of: http://jenkins-x-chartmuseum:8080
Adding missing Helm repo: chartmuseum.jenkins-x.io http://chartmuseum.jenkins-x.io
WARNING: No secrets found on "helm/repos" due: reading the secret "helm/repos" from vault: no secret "helm/repos" not found in vault
Read credentials for http://chartmuseum.jenkins-x.io from vault helm/repos
Successfully added Helm repository chartmuseum.jenkins-x.io.
